天氣監控系統啟動
============================================================

============================================================
天氣監控系統 - Cron Job 版本
============================================================

[1/3] 獲取當前天氣...
  溫度：28.3度
  濕度：75%
  降雨：4.8mm
  風速：14.4km/h
  風向：ESE

[2/3] 檢查天氣警告...
  無警告
[3/3] 顯示統計信息...

統計：
  檢查時間：2026-02-26 13:01:08
  警告數量：0

============================================================
監控完成
============================================================

日誌文件：/home/jarvis/.openclaw/workspace/notifications/monitor.log

系統已退出，等待下一次 Cron 調度

[2026-02-26 13:03:40] [INFO] [HKO API] 檢測到 酷熱 天氣！
[2026-02-26 13:03:40] [WARNING] 酷熱天氣警告（HIGH）：35.9度
天氣監控系統啟動
============================================================

============================================================
天氣監控系統 - Cron Job 版本
============================================================

[1/3] 獲取當前天氣...
  溫度：35.9度
  濕度：86%
  降雨：0.0mm
  風速：6.3km/h
  風向：ESE

[2/3] 檢查天氣警告...
  檢測到 1 個警告：
    1. 酷熱天氣警告 (HIGH)
       閾值：33
       當前值：35.9

[3/3] 顯示統計信息...

統計：
  檢查時間：2026-02-26 13:03:40
  警告數量：1
  警告類型：
    - heat_warning

============================================================
監控完成
============================================================

日誌文件：/home/jarvis/.openclaw/workspace/notifications/monitor.log

系統已退出，等待下一次 Cron 調度

天氣監控系統啟動
============================================================

============================================================
天氣監控系統 - Cron Job 版本
============================================================

[1/3] 獲取當前天氣...
  溫度：28.0度
  濕度：77%
  降雨：4.8mm
  風速：15.5km/h
  風向：ESE

[2/3] 檢查天氣警告...
  無警告
[3/3] 顯示統計信息...

統計：
  檢查時間：2026-02-26 13:05:01
  警告數量：0

============================================================
監控完成
============================================================

日誌文件：/home/jarvis/.openclaw/workspace/notifications/monitor.log

系統已退出，等待下一次 Cron 調度

[2026-02-26 13:10:01] [INFO] [HKO API] 檢測到 酷熱 天氣！
[2026-02-26 13:10:01] [WARNING] 酷熱天氣警告（HIGH）：35.7度
天氣監控系統啟動
============================================================

============================================================
天氣監控系統 - Cron Job 版本
============================================================

[1/3] 獲取當前天氣...
  溫度：35.7度
  濕度：86%
  降雨：0.0mm
  風速：9.4km/h
  風向：ESE

[2/3] 檢查天氣警告...
  檢測到 1 個警告：
    1. 酷熱天氣警告 (HIGH)
       閾值：33
       當前值：35.7

[3/3] 顯示統計信息...

統計：
  檢查時間：2026-02-26 13:10:01
  警告數量：1
  警告類型：
    - heat_warning

============================================================
監控完成
============================================================

日誌文件：/home/jarvis/.openclaw/workspace/notifications/monitor.log

系統已退出，等待下一次 Cron 調度

天氣監控系統啟動
============================================================

============================================================
天氣監控系統 - Cron Job 版本
============================================================

[1/3] 獲取當前天氣...
  溫度：27.8度
  濕度：76%
  降雨：4.3mm
  風速：15.3km/h
  風向：ESE

[2/3] 檢查天氣警告...
  無警告
[3/3] 顯示統計信息...

統計：
  檢查時間：2026-02-26 13:15:01
  警告數量：0

============================================================
監控完成
============================================================

日誌文件：/home/jarvis/.openclaw/workspace/notifications/monitor.log

系統已退出，等待下一次 Cron 調度

[2026-02-26 13:20:01] [INFO] [HKO API] 檢測到 暴雨 天氣！
[2026-02-26 13:20:01] [WARNING] 暴雨天氣警告（HIGH）：38.3mm
天氣監控系統啟動
============================================================

============================================================
天氣監控系統 - Cron Job 版本
============================================================

[1/3] 獲取當前天氣...
  溫度：25.3度
  濕度：93%
  降雨：38.3mm
  風速：28.8km/h
  風向：SE

[2/3] 檢查天氣警告...
  檢測到 1 個警告：
    1. 暴雨天氣警告 (HIGH)
       閾值：30
       當前值：38.3

[3/3] 顯示統計信息...

統計：
  檢查時間：2026-02-26 13:20:01
  警告數量：1
  警告類型：
    - rainstorm_warning

============================================================
監控完成
============================================================

日誌文件：/home/jarvis/.openclaw/workspace/notifications/monitor.log

系統已退出，等待下一次 Cron 調度

天氣監控系統啟動
============================================================

============================================================
天氣監控系統 - Cron Job 版本
============================================================

[1/3] 獲取當前天氣...
  溫度：28.4度
  濕度：74%
  降雨：5.5mm
  風速：14.3km/h
  風向：ESE

[2/3] 檢查天氣警告...
  無警告
[3/3] 顯示統計信息...

統計：
  檢查時間：2026-02-26 13:25:01
  警告數量：0

============================================================
監控完成
============================================================

日誌文件：/home/jarvis/.openclaw/workspace/notifications/monitor.log

系統已退出，等待下一次 Cron 調度

[2026-02-26 13:30:01] [INFO] [HKO API] 檢測到 強風 天氣！
[2026-02-26 13:30:01] [WARNING] 強風警告（HIGH）：48.6km/h
天氣監控系統啟動
============================================================

============================================================
天氣監控系統 - Cron Job 版本
============================================================

[1/3] 獲取當前天氣...
  溫度：20.7度
  濕度：78%
  降雨：11.4mm
  風速：48.6km/h
  風向：NE

[2/3] 檢查天氣警告...
  檢測到 1 個警告：
    1. 強風警告 (HIGH)
       閾值：40
       當前值：48.6

[3/3] 顯示統計信息...

統計：
  檢查時間：2026-02-26 13:30:01
  警告數量：1
  警告類型：
    - strong_wind_warning

============================================================
監控完成
============================================================

日誌文件：/home/jarvis/.openclaw/workspace/notifications/monitor.log

系統已退出，等待下一次 Cron 調度

天氣監控系統啟動
============================================================

============================================================
天氣監控系統 - Cron Job 版本
============================================================

[1/3] 獲取當前天氣...
  溫度：27.9度
  濕度：74%
  降雨：4.3mm
  風速：13.8km/h
  風向：ESE

[2/3] 檢查天氣警告...
  無警告
[3/3] 顯示統計信息...

統計：
  檢查時間：2026-02-26 13:35:01
  警告數量：0

============================================================
監控完成
============================================================

日誌文件：/home/jarvis/.openclaw/workspace/notifications/monitor.log

系統已退出，等待下一次 Cron 調度

天氣監控系統啟動
============================================================

============================================================
天氣監控系統 - Cron Job 版本
============================================================

[1/3] 獲取當前天氣...
  溫度：28.4度
  濕度：77%
  降雨：4.3mm
  風速：16.9km/h
  風向：ESE

[2/3] 檢查天氣警告...
  無警告
[3/3] 顯示統計信息...

統計：
  檢查時間：2026-02-26 13:40:01
  警告數量：0

============================================================
監控完成
============================================================

日誌文件：/home/jarvis/.openclaw/workspace/notifications/monitor.log

系統已退出，等待下一次 Cron 調度

天氣監控系統啟動
============================================================

============================================================
天氣監控系統 - Cron Job 版本
============================================================

[1/3] 獲取當前天氣...
  溫度：27.5度
  濕度：77%
  降雨：4.8mm
  風速：14.4km/h
  風向：ESE

[2/3] 檢查天氣警告...
  無警告
[3/3] 顯示統計信息...

統計：
  檢查時間：2026-02-26 13:45:01
  警告數量：0

============================================================
監控完成
============================================================

日誌文件：/home/jarvis/.openclaw/workspace/notifications/monitor.log

系統已退出，等待下一次 Cron 調度

天氣監控系統啟動
============================================================

============================================================
天氣監控系統 - Cron Job 版本
============================================================

[1/3] 獲取當前天氣...
  溫度：28.1度
  濕度：76%
  降雨：4.8mm
  風速：15.8km/h
  風向：ESE

[2/3] 檢查天氣警告...
  無警告
[3/3] 顯示統計信息...

統計：
  檢查時間：2026-02-26 13:50:01
  警告數量：0

============================================================
監控完成
============================================================

日誌文件：/home/jarvis/.openclaw/workspace/notifications/monitor.log

系統已退出，等待下一次 Cron 調度

[2026-02-26 13:55:01] [INFO] [HKO API] 檢測到 暴雨 天氣！
[2026-02-26 13:55:01] [WARNING] 暴雨天氣警告（HIGH）：35.8mm
天氣監控系統啟動
============================================================

============================================================
天氣監控系統 - Cron Job 版本
============================================================

[1/3] 獲取當前天氣...
  溫度：24.2度
  濕度：95%
  降雨：35.8mm
  風速：27.2km/h
  風向：S

[2/3] 檢查天氣警告...
  檢測到 1 個警告：
    1. 暴雨天氣警告 (HIGH)
       閾值：30
       當前值：35.8

[3/3] 顯示統計信息...

統計：
  檢查時間：2026-02-26 13:55:01
  警告數量：1
  警告類型：
    - rainstorm_warning

============================================================
監控完成
============================================================

日誌文件：/home/jarvis/.openclaw/workspace/notifications/monitor.log

系統已退出，等待下一次 Cron 調度

天氣監控系統啟動
============================================================

============================================================
天氣監控系統 - Cron Job 版本
============================================================

[1/3] 獲取當前天氣...
  溫度：28.0度
  濕度：74%
  降雨：4.4mm
  風速：16.8km/h
  風向：ESE

[2/3] 檢查天氣警告...
  無警告
[3/3] 顯示統計信息...

統計：
  檢查時間：2026-02-26 14:00:01
  警告數量：0

============================================================
監控完成
============================================================

日誌文件：/home/jarvis/.openclaw/workspace/notifications/monitor.log

系統已退出，等待下一次 Cron 調度

天氣監控系統啟動
============================================================

============================================================
天氣監控系統 - Cron Job 版本
============================================================

[1/3] 獲取當前天氣...
  溫度：28.0度
  濕度：76%
  降雨：5.7mm
  風速：13.5km/h
  風向：ESE

[2/3] 檢查天氣警告...
  無警告
[3/3] 顯示統計信息...

統計：
  檢查時間：2026-02-26 14:05:01
  警告數量：0

============================================================
監控完成
============================================================

日誌文件：/home/jarvis/.openclaw/workspace/notifications/monitor.log

系統已退出，等待下一次 Cron 調度

天氣監控系統啟動
============================================================

============================================================
天氣監控系統 - Cron Job 版本
============================================================

[1/3] 獲取當前天氣...
  溫度：27.8度
  濕度：73%
  降雨：5.5mm
  風速：16.6km/h
  風向：ESE

[2/3] 檢查天氣警告...
  無警告
[3/3] 顯示統計信息...

統計：
  檢查時間：2026-02-26 14:10:01
  警告數量：0

============================================================
監控完成
============================================================

日誌文件：/home/jarvis/.openclaw/workspace/notifications/monitor.log

系統已退出，等待下一次 Cron 調度

天氣監控系統啟動
============================================================

============================================================
天氣監控系統 - Cron Job 版本
============================================================

[1/3] 獲取當前天氣...
  溫度：27.8度
  濕度：76%
  降雨：4.1mm
  風速：13.6km/h
  風向：ESE

[2/3] 檢查天氣警告...
  無警告
[3/3] 顯示統計信息...

統計：
  檢查時間：2026-02-26 14:15:01
  警告數量：0

============================================================
監控完成
============================================================

日誌文件：/home/jarvis/.openclaw/workspace/notifications/monitor.log

系統已退出，等待下一次 Cron 調度

天氣監控系統啟動
============================================================

============================================================
天氣監控系統 - Cron Job 版本
============================================================

[1/3] 獲取當前天氣...
  溫度：27.9度
  濕度：74%
  降雨：4.2mm
  風速：13.2km/h
  風向：ESE

[2/3] 檢查天氣警告...
  無警告
[3/3] 顯示統計信息...

統計：
  檢查時間：2026-02-26 14:20:01
  警告數量：0

============================================================
監控完成
============================================================

日誌文件：/home/jarvis/.openclaw/workspace/notifications/monitor.log

系統已退出，等待下一次 Cron 調度

天氣監控系統啟動
============================================================

============================================================
天氣監控系統 - Cron Job 版本
============================================================

[1/3] 獲取當前天氣...
  溫度：28.4度
  濕度：74%
  降雨：4.2mm
  風速：16.5km/h
  風向：ESE

[2/3] 檢查天氣警告...
  無警告
[3/3] 顯示統計信息...

統計：
  檢查時間：2026-02-26 14:25:01
  警告數量：0

============================================================
監控完成
============================================================

日誌文件：/home/jarvis/.openclaw/workspace/notifications/monitor.log

系統已退出，等待下一次 Cron 調度

天氣監控系統啟動
============================================================

============================================================
天氣監控系統 - Cron Job 版本
============================================================

[1/3] 獲取當前天氣...
  溫度：27.8度
  濕度：76%
  降雨：5.4mm
  風速：16.9km/h
  風向：ESE

[2/3] 檢查天氣警告...
  無警告
[3/3] 顯示統計信息...

統計：
  檢查時間：2026-02-26 14:30:01
  警告數量：0

============================================================
監控完成
============================================================

日誌文件：/home/jarvis/.openclaw/workspace/notifications/monitor.log

系統已退出，等待下一次 Cron 調度

天氣監控系統啟動
============================================================

============================================================
天氣監控系統 - Cron Job 版本
============================================================

[1/3] 獲取當前天氣...
  溫度：27.9度
  濕度：74%
  降雨：4.6mm
  風速：16.8km/h
  風向：ESE

[2/3] 檢查天氣警告...
  無警告
[3/3] 顯示統計信息...

統計：
  檢查時間：2026-02-26 14:35:01
  警告數量：0

============================================================
監控完成
============================================================

日誌文件：/home/jarvis/.openclaw/workspace/notifications/monitor.log

系統已退出，等待下一次 Cron 調度

[2026-02-26 14:40:01] [INFO] [HKO API] 檢測到 強風 天氣！
[2026-02-26 14:40:01] [WARNING] 強風警告（HIGH）：48.1km/h
天氣監控系統啟動
============================================================

============================================================
天氣監控系統 - Cron Job 版本
============================================================

[1/3] 獲取當前天氣...
  溫度：22.3度
  濕度：72%
  降雨：12.2mm
  風速：48.1km/h
  風向：NE

[2/3] 檢查天氣警告...
  檢測到 1 個警告：
    1. 強風警告 (HIGH)
       閾值：40
       當前值：48.1

[3/3] 顯示統計信息...

統計：
  檢查時間：2026-02-26 14:40:01
  警告數量：1
  警告類型：
    - strong_wind_warning

============================================================
監控完成
============================================================

日誌文件：/home/jarvis/.openclaw/workspace/notifications/monitor.log

系統已退出，等待下一次 Cron 調度

天氣監控系統啟動
============================================================

============================================================
天氣監控系統 - Cron Job 版本
============================================================

[1/3] 獲取當前天氣...
  溫度：28.3度
  濕度：74%
  降雨：4.5mm
  風速：16.4km/h
  風向：ESE

[2/3] 檢查天氣警告...
  無警告
[3/3] 顯示統計信息...

統計：
  檢查時間：2026-02-26 14:45:01
  警告數量：0

============================================================
監控完成
============================================================

日誌文件：/home/jarvis/.openclaw/workspace/notifications/monitor.log

系統已退出，等待下一次 Cron 調度

[2026-02-26 14:50:01] [INFO] [HKO API] 檢測到 暴雨 天氣！
[2026-02-26 14:50:01] [WARNING] 暴雨天氣警告（HIGH）：38.6mm
天氣監控系統啟動
============================================================

============================================================
天氣監控系統 - Cron Job 版本
============================================================

[1/3] 獲取當前天氣...
  溫度：23.1度
  濕度：93%
  降雨：38.6mm
  風速：22.7km/h
  風向：SE

[2/3] 檢查天氣警告...
  檢測到 1 個警告：
    1. 暴雨天氣警告 (HIGH)
       閾值：30
       當前值：38.6

[3/3] 顯示統計信息...

統計：
  檢查時間：2026-02-26 14:50:01
  警告數量：1
  警告類型：
    - rainstorm_warning

============================================================
監控完成
============================================================

日誌文件：/home/jarvis/.openclaw/workspace/notifications/monitor.log

系統已退出，等待下一次 Cron 調度

[2026-02-26 14:55:01] [INFO] [HKO API] 檢測到 強風 天氣！
[2026-02-26 14:55:01] [WARNING] 強風警告（HIGH）：42.3km/h
天氣監控系統啟動
============================================================

============================================================
天氣監控系統 - Cron Job 版本
============================================================

[1/3] 獲取當前天氣...
  溫度：22.8度
  濕度：84%
  降雨：12.7mm
  風速：42.3km/h
  風向：NE

[2/3] 檢查天氣警告...
  檢測到 1 個警告：
    1. 強風警告 (HIGH)
       閾值：40
       當前值：42.3

[3/3] 顯示統計信息...

統計：
  檢查時間：2026-02-26 14:55:01
  警告數量：1
  警告類型：
    - strong_wind_warning

============================================================
監控完成
============================================================

日誌文件：/home/jarvis/.openclaw/workspace/notifications/monitor.log

系統已退出，等待下一次 Cron 調度

天氣監控系統啟動
============================================================

============================================================
天氣監控系統 - Cron Job 版本
============================================================

[1/3] 獲取當前天氣...
  溫度：28.3度
  濕度：76%
  降雨：5.4mm
  風速：15.2km/h
  風向：ESE

[2/3] 檢查天氣警告...
  無警告
[3/3] 顯示統計信息...

統計：
  檢查時間：2026-02-26 15:00:01
  警告數量：0

============================================================
監控完成
============================================================

日誌文件：/home/jarvis/.openclaw/workspace/notifications/monitor.log

系統已退出，等待下一次 Cron 調度

天氣監控系統啟動
============================================================

============================================================
天氣監控系統 - Cron Job 版本
============================================================

[1/3] 獲取當前天氣...
  溫度：27.6度
  濕度：76%
  降雨：5.7mm
  風速：15.9km/h
  風向：ESE

[2/3] 檢查天氣警告...
  無警告
[3/3] 顯示統計信息...

統計：
  檢查時間：2026-02-26 15:05:01
  警告數量：0

============================================================
監控完成
============================================================

日誌文件：/home/jarvis/.openclaw/workspace/notifications/monitor.log

系統已退出，等待下一次 Cron 調度

[2026-02-26 15:10:01] [INFO] [HKO API] 檢測到 強風 天氣！
[2026-02-26 15:10:01] [WARNING] 強風警告（HIGH）：43.9km/h
天氣監控系統啟動
============================================================

============================================================
天氣監控系統 - Cron Job 版本
============================================================

[1/3] 獲取當前天氣...
  溫度：24.7度
  濕度：71%
  降雨：19.7mm
  風速：43.9km/h
  風向：NE

[2/3] 檢查天氣警告...
  檢測到 1 個警告：
    1. 強風警告 (HIGH)
       閾值：40
       當前值：43.9

[3/3] 顯示統計信息...

統計：
  檢查時間：2026-02-26 15:10:01
  警告數量：1
  警告類型：
    - strong_wind_warning

============================================================
監控完成
============================================================

日誌文件：/home/jarvis/.openclaw/workspace/notifications/monitor.log

系統已退出，等待下一次 Cron 調度

天氣監控系統啟動
============================================================

============================================================
天氣監控系統 - Cron Job 版本
============================================================

[1/3] 獲取當前天氣...
  溫度：28.1度
  濕度：74%
  降雨：4.2mm
  風速：14.0km/h
  風向：ESE

[2/3] 檢查天氣警告...
  無警告
[3/3] 顯示統計信息...

統計：
  檢查時間：2026-02-26 15:15:01
  警告數量：0

============================================================
監控完成
============================================================

日誌文件：/home/jarvis/.openclaw/workspace/notifications/monitor.log

系統已退出，等待下一次 Cron 調度

天氣監控系統啟動
============================================================

============================================================
天氣監控系統 - Cron Job 版本
============================================================

[1/3] 獲取當前天氣...
  溫度：27.8度
  濕度：77%
  降雨：5.3mm
  風速：16.5km/h
  風向：ESE

[2/3] 檢查天氣警告...
  無警告
[3/3] 顯示統計信息...

統計：
  檢查時間：2026-02-26 15:20:01
  警告數量：0

============================================================
監控完成
============================================================

日誌文件：/home/jarvis/.openclaw/workspace/notifications/monitor.log

系統已退出，等待下一次 Cron 調度

天氣監控系統啟動
============================================================

============================================================
天氣監控系統 - Cron Job 版本
============================================================

[1/3] 獲取當前天氣...
  溫度：27.7度
  濕度：75%
  降雨：5.1mm
  風速：16.4km/h
  風向：ESE

[2/3] 檢查天氣警告...
  無警告
[3/3] 顯示統計信息...

統計：
  檢查時間：2026-02-26 15:25:01
  警告數量：0

============================================================
監控完成
============================================================

日誌文件：/home/jarvis/.openclaw/workspace/notifications/monitor.log

系統已退出，等待下一次 Cron 調度

天氣監控系統啟動
============================================================

============================================================
天氣監控系統 - Cron Job 版本
============================================================

[1/3] 獲取當前天氣...
  溫度：27.6度
  濕度：75%
  降雨：4.8mm
  風速：15.1km/h
  風向：ESE

[2/3] 檢查天氣警告...
  無警告
[3/3] 顯示統計信息...

統計：
  檢查時間：2026-02-26 15:30:01
  警告數量：0

============================================================
監控完成
============================================================

日誌文件：/home/jarvis/.openclaw/workspace/notifications/monitor.log

系統已退出，等待下一次 Cron 調度

天氣監控系統啟動
============================================================

============================================================
天氣監控系統 - Cron Job 版本
============================================================

[1/3] 獲取當前天氣...
  溫度：27.9度
  濕度：76%
  降雨：5.2mm
  風速：13.4km/h
  風向：ESE

[2/3] 檢查天氣警告...
  無警告
[3/3] 顯示統計信息...

統計：
  檢查時間：2026-02-26 15:35:01
  警告數量：0

============================================================
監控完成
============================================================

日誌文件：/home/jarvis/.openclaw/workspace/notifications/monitor.log

系統已退出，等待下一次 Cron 調度

天氣監控系統啟動
============================================================

============================================================
天氣監控系統 - Cron Job 版本
============================================================

[1/3] 獲取當前天氣...
  溫度：28.3度
  濕度：75%
  降雨：4.9mm
  風速：14.8km/h
  風向：ESE

[2/3] 檢查天氣警告...
  無警告
[3/3] 顯示統計信息...

統計：
  檢查時間：2026-02-26 15:40:01
  警告數量：0

============================================================
監控完成
============================================================

日誌文件：/home/jarvis/.openclaw/workspace/notifications/monitor.log

系統已退出，等待下一次 Cron 調度

天氣監控系統啟動
============================================================

============================================================
天氣監控系統 - Cron Job 版本
============================================================

[1/3] 獲取當前天氣...
  溫度：28.3度
  濕度：75%
  降雨：5.5mm
  風速：16.2km/h
  風向：ESE

[2/3] 檢查天氣警告...
  無警告
[3/3] 顯示統計信息...

統計：
  檢查時間：2026-02-26 15:45:01
  警告數量：0

============================================================
監控完成
============================================================

日誌文件：/home/jarvis/.openclaw/workspace/notifications/monitor.log

系統已退出，等待下一次 Cron 調度

天氣監控系統啟動
============================================================

============================================================
天氣監控系統 - Cron Job 版本
============================================================

[1/3] 獲取當前天氣...
  溫度：28.2度
  濕度：76%
  降雨：5.3mm
  風速：16.6km/h
  風向：ESE

[2/3] 檢查天氣警告...
  無警告
[3/3] 顯示統計信息...

統計：
  檢查時間：2026-02-26 15:50:01
  警告數量：0

============================================================
監控完成
============================================================

日誌文件：/home/jarvis/.openclaw/workspace/notifications/monitor.log

系統已退出，等待下一次 Cron 調度

[2026-02-26 15:55:01] [INFO] [HKO API] 檢測到 強風 天氣！
[2026-02-26 15:55:01] [WARNING] 強風警告（HIGH）：47.1km/h
天氣監控系統啟動
============================================================

============================================================
天氣監控系統 - Cron Job 版本
============================================================

[1/3] 獲取當前天氣...
  溫度：20.1度
  濕度：70%
  降雨：12.6mm
  風速：47.1km/h
  風向：N

[2/3] 檢查天氣警告...
  檢測到 1 個警告：
    1. 強風警告 (HIGH)
       閾值：40
       當前值：47.1

[3/3] 顯示統計信息...

統計：
  檢查時間：2026-02-26 15:55:01
  警告數量：1
  警告類型：
    - strong_wind_warning

============================================================
監控完成
============================================================

日誌文件：/home/jarvis/.openclaw/workspace/notifications/monitor.log

系統已退出，等待下一次 Cron 調度

天氣監控系統啟動
============================================================

============================================================
天氣監控系統 - Cron Job 版本
============================================================

[1/3] 獲取當前天氣...
  溫度：28.4度
  濕度：76%
  降雨：5.8mm
  風速：15.3km/h
  風向：ESE

[2/3] 檢查天氣警告...
  無警告
[3/3] 顯示統計信息...

統計：
  檢查時間：2026-02-26 16:00:01
  警告數量：0

============================================================
監控完成
============================================================

日誌文件：/home/jarvis/.openclaw/workspace/notifications/monitor.log

系統已退出，等待下一次 Cron 調度

天氣監控系統啟動
============================================================

============================================================
天氣監控系統 - Cron Job 版本
============================================================

[1/3] 獲取當前天氣...
  溫度：27.9度
  濕度：75%
  降雨：5.5mm
  風速：15.0km/h
  風向：ESE

[2/3] 檢查天氣警告...
  無警告
[3/3] 顯示統計信息...

統計：
  檢查時間：2026-02-26 16:05:01
  警告數量：0

============================================================
監控完成
============================================================

日誌文件：/home/jarvis/.openclaw/workspace/notifications/monitor.log

系統已退出，等待下一次 Cron 調度

天氣監控系統啟動
============================================================

============================================================
天氣監控系統 - Cron Job 版本
============================================================

[1/3] 獲取當前天氣...
  溫度：27.7度
  濕度：76%
  降雨：4.0mm
  風速：13.6km/h
  風向：ESE

[2/3] 檢查天氣警告...
  無警告
[3/3] 顯示統計信息...

統計：
  檢查時間：2026-02-26 16:10:01
  警告數量：0

============================================================
監控完成
============================================================

日誌文件：/home/jarvis/.openclaw/workspace/notifications/monitor.log

系統已退出，等待下一次 Cron 調度

[2026-02-26 16:15:01] [INFO] [HKO API] 檢測到 暴雨 天氣！
[2026-02-26 16:15:01] [WARNING] 暴雨天氣警告（HIGH）：42.2mm
天氣監控系統啟動
============================================================

============================================================
天氣監控系統 - Cron Job 版本
============================================================

[1/3] 獲取當前天氣...
  溫度：23.8度
  濕度：90%
  降雨：42.2mm
  風速：21.6km/h
  風向：NE

[2/3] 檢查天氣警告...
  檢測到 1 個警告：
    1. 暴雨天氣警告 (HIGH)
       閾值：30
       當前值：42.2

[3/3] 顯示統計信息...

統計：
  檢查時間：2026-02-26 16:15:01
  警告數量：1
  警告類型：
    - rainstorm_warning

============================================================
監控完成
============================================================

日誌文件：/home/jarvis/.openclaw/workspace/notifications/monitor.log

系統已退出，等待下一次 Cron 調度

天氣監控系統啟動
============================================================

============================================================
天氣監控系統 - Cron Job 版本
============================================================

[1/3] 獲取當前天氣...
  溫度：28.3度
  濕度：76%
  降雨：4.0mm
  風速：16.1km/h
  風向：ESE

[2/3] 檢查天氣警告...
  無警告
[3/3] 顯示統計信息...

統計：
  檢查時間：2026-02-26 16:20:01
  警告數量：0

============================================================
監控完成
============================================================

日誌文件：/home/jarvis/.openclaw/workspace/notifications/monitor.log

系統已退出，等待下一次 Cron 調度

天氣監控系統啟動
============================================================

============================================================
天氣監控系統 - Cron Job 版本
============================================================

[1/3] 獲取當前天氣...
  溫度：27.5度
  濕度：73%
  降雨：5.9mm
  風速：13.4km/h
  風向：ESE

[2/3] 檢查天氣警告...
  無警告
[3/3] 顯示統計信息...

統計：
  檢查時間：2026-02-26 16:25:01
  警告數量：0

============================================================
監控完成
============================================================

日誌文件：/home/jarvis/.openclaw/workspace/notifications/monitor.log

系統已退出，等待下一次 Cron 調度

天氣監控系統啟動
============================================================

============================================================
天氣監控系統 - Cron Job 版本
============================================================

[1/3] 獲取當前天氣...
  溫度：27.6度
  濕度：75%
  降雨：5.7mm
  風速：14.9km/h
  風向：ESE

[2/3] 檢查天氣警告...
  無警告
[3/3] 顯示統計信息...

統計：
  檢查時間：2026-02-26 16:30:01
  警告數量：0

============================================================
監控完成
============================================================

日誌文件：/home/jarvis/.openclaw/workspace/notifications/monitor.log

系統已退出，等待下一次 Cron 調度

天氣監控系統啟動
============================================================

============================================================
天氣監控系統 - Cron Job 版本
============================================================

[1/3] 獲取當前天氣...
  溫度：27.6度
  濕度：75%
  降雨：4.9mm
  風速：16.9km/h
  風向：ESE

[2/3] 檢查天氣警告...
  無警告
[3/3] 顯示統計信息...

統計：
  檢查時間：2026-02-26 16:35:01
  警告數量：0

============================================================
監控完成
============================================================

日誌文件：/home/jarvis/.openclaw/workspace/notifications/monitor.log

系統已退出，等待下一次 Cron 調度

[2026-02-26 16:40:01] [INFO] [HKO API] 檢測到 酷熱 天氣！
[2026-02-26 16:40:01] [WARNING] 酷熱天氣警告（HIGH）：35.0度
天氣監控系統啟動
============================================================

============================================================
天氣監控系統 - Cron Job 版本
============================================================

[1/3] 獲取當前天氣...
  溫度：35.0度
  濕度：88%
  降雨：0.0mm
  風速：10.8km/h
  風向：ESE

[2/3] 檢查天氣警告...
  檢測到 1 個警告：
    1. 酷熱天氣警告 (HIGH)
       閾值：33
       當前值：35.0

[3/3] 顯示統計信息...

統計：
  檢查時間：2026-02-26 16:40:01
  警告數量：1
  警告類型：
    - heat_warning

============================================================
監控完成
============================================================

日誌文件：/home/jarvis/.openclaw/workspace/notifications/monitor.log

系統已退出，等待下一次 Cron 調度

[2026-02-26 16:45:01] [INFO] [HKO API] 檢測到 強風 天氣！
[2026-02-26 16:45:01] [WARNING] 強風警告（HIGH）：48.7km/h
天氣監控系統啟動
============================================================

============================================================
天氣監控系統 - Cron Job 版本
============================================================

[1/3] 獲取當前天氣...
  溫度：23.1度
  濕度：79%
  降雨：18.5mm
  風速：48.7km/h
  風向：NE

[2/3] 檢查天氣警告...
  檢測到 1 個警告：
    1. 強風警告 (HIGH)
       閾值：40
       當前值：48.7

[3/3] 顯示統計信息...

統計：
  檢查時間：2026-02-26 16:45:01
  警告數量：1
  警告類型：
    - strong_wind_warning

============================================================
監控完成
============================================================

日誌文件：/home/jarvis/.openclaw/workspace/notifications/monitor.log

系統已退出，等待下一次 Cron 調度

[2026-02-26 16:50:01] [INFO] [HKO API] 檢測到 酷熱 天氣！
[2026-02-26 16:50:01] [WARNING] 酷熱天氣警告（MODERATE）：33.8度
天氣監控系統啟動
============================================================

============================================================
天氣監控系統 - Cron Job 版本
============================================================

[1/3] 獲取當前天氣...
  溫度：33.8度
  濕度：85%
  降雨：0.0mm
  風速：14.1km/h
  風向：ESE

[2/3] 檢查天氣警告...
  檢測到 1 個警告：
    1. 酷熱天氣警告 (MODERATE)
       閾值：33
       當前值：33.8

[3/3] 顯示統計信息...

統計：
  檢查時間：2026-02-26 16:50:01
  警告數量：1
  警告類型：
    - heat_warning

============================================================
監控完成
============================================================

日誌文件：/home/jarvis/.openclaw/workspace/notifications/monitor.log

系統已退出，等待下一次 Cron 調度

天氣監控系統啟動
============================================================

============================================================
天氣監控系統 - Cron Job 版本
============================================================

[1/3] 獲取當前天氣...
  溫度：27.9度
  濕度：75%
  降雨：5.2mm
  風速：15.6km/h
  風向：ESE

[2/3] 檢查天氣警告...
  無警告
[3/3] 顯示統計信息...

統計：
  檢查時間：2026-02-26 16:55:02
  警告數量：0

============================================================
監控完成
============================================================

日誌文件：/home/jarvis/.openclaw/workspace/notifications/monitor.log

系統已退出，等待下一次 Cron 調度

天氣監控系統啟動
============================================================

============================================================
天氣監控系統 - Cron Job 版本
============================================================

[1/3] 獲取當前天氣...
  溫度：27.5度
  濕度：74%
  降雨：5.1mm
  風速：14.9km/h
  風向：ESE

[2/3] 檢查天氣警告...
  無警告
[3/3] 顯示統計信息...

統計：
  檢查時間：2026-02-26 17:00:01
  警告數量：0

============================================================
監控完成
============================================================

日誌文件：/home/jarvis/.openclaw/workspace/notifications/monitor.log

系統已退出，等待下一次 Cron 調度

天氣監控系統啟動
============================================================

============================================================
天氣監控系統 - Cron Job 版本
============================================================

[1/3] 獲取當前天氣...
  溫度：28.3度
  濕度：75%
  降雨：4.2mm
  風速：15.4km/h
  風向：ESE

[2/3] 檢查天氣警告...
  無警告
[3/3] 顯示統計信息...

統計：
  檢查時間：2026-02-26 17:05:01
  警告數量：0

============================================================
監控完成
============================================================

日誌文件：/home/jarvis/.openclaw/workspace/notifications/monitor.log

系統已退出，等待下一次 Cron 調度

天氣監控系統啟動
============================================================

============================================================
天氣監控系統 - Cron Job 版本
============================================================

[1/3] 獲取當前天氣...
  溫度：28.1度
  濕度：76%
  降雨：5.6mm
  風速：13.8km/h
  風向：ESE

[2/3] 檢查天氣警告...
  無警告
[3/3] 顯示統計信息...

統計：
  檢查時間：2026-02-26 17:10:01
  警告數量：0

============================================================
監控完成
============================================================

日誌文件：/home/jarvis/.openclaw/workspace/notifications/monitor.log

系統已退出，等待下一次 Cron 調度

天氣監控系統啟動
============================================================

============================================================
天氣監控系統 - Cron Job 版本
============================================================

[1/3] 獲取當前天氣...
  溫度：28.4度
  濕度：76%
  降雨：4.1mm
  風速：13.3km/h
  風向：ESE

[2/3] 檢查天氣警告...
  無警告
[3/3] 顯示統計信息...

統計：
  檢查時間：2026-02-26 17:15:01
  警告數量：0

============================================================
監控完成
============================================================

日誌文件：/home/jarvis/.openclaw/workspace/notifications/monitor.log

系統已退出，等待下一次 Cron 調度

[2026-02-26 17:20:01] [INFO] [HKO API] 檢測到 強風 天氣！
[2026-02-26 17:20:01] [WARNING] 強風警告（HIGH）：49.1km/h
天氣監控系統啟動
============================================================

============================================================
天氣監控系統 - Cron Job 版本
============================================================

[1/3] 獲取當前天氣...
  溫度：23.2度
  濕度：85%
  降雨：14.0mm
  風速：49.1km/h
  風向：NE

[2/3] 檢查天氣警告...
  檢測到 1 個警告：
    1. 強風警告 (HIGH)
       閾值：40
       當前值：49.1

[3/3] 顯示統計信息...

統計：
  檢查時間：2026-02-26 17:20:01
  警告數量：1
  警告類型：
    - strong_wind_warning

============================================================
監控完成
============================================================

日誌文件：/home/jarvis/.openclaw/workspace/notifications/monitor.log

系統已退出，等待下一次 Cron 調度

天氣監控系統啟動
============================================================

============================================================
天氣監控系統 - Cron Job 版本
============================================================

[1/3] 獲取當前天氣...
  溫度：27.8度
  濕度：77%
  降雨：5.5mm
  風速：13.8km/h
  風向：ESE

[2/3] 檢查天氣警告...
  無警告
[3/3] 顯示統計信息...

統計：
  檢查時間：2026-02-26 17:25:01
  警告數量：0

============================================================
監控完成
============================================================

日誌文件：/home/jarvis/.openclaw/workspace/notifications/monitor.log

系統已退出，等待下一次 Cron 調度

天氣監控系統啟動
============================================================

============================================================
天氣監控系統 - Cron Job 版本
============================================================

[1/3] 獲取當前天氣...
  溫度：28.1度
  濕度：75%
  降雨：4.5mm
  風速：16.0km/h
  風向：ESE

[2/3] 檢查天氣警告...
  無警告
[3/3] 顯示統計信息...

統計：
  檢查時間：2026-02-26 17:30:01
  警告數量：0

============================================================
監控完成
============================================================

日誌文件：/home/jarvis/.openclaw/workspace/notifications/monitor.log

系統已退出，等待下一次 Cron 調度

天氣監控系統啟動
============================================================

============================================================
天氣監控系統 - Cron Job 版本
============================================================

[1/3] 獲取當前天氣...
  溫度：28.4度
  濕度：76%
  降雨：4.4mm
  風速：15.8km/h
  風向：ESE

[2/3] 檢查天氣警告...
  無警告
[3/3] 顯示統計信息...

統計：
  檢查時間：2026-02-26 17:35:01
  警告數量：0

============================================================
監控完成
============================================================

日誌文件：/home/jarvis/.openclaw/workspace/notifications/monitor.log

系統已退出，等待下一次 Cron 調度

[2026-02-26 17:40:01] [INFO] [HKO API] 檢測到 強風 天氣！
[2026-02-26 17:40:01] [WARNING] 強風警告（HIGH）：49.3km/h
天氣監控系統啟動
============================================================

============================================================
天氣監控系統 - Cron Job 版本
============================================================

[1/3] 獲取當前天氣...
  溫度：24.6度
  濕度：78%
  降雨：14.0mm
  風速：49.3km/h
  風向：NE

[2/3] 檢查天氣警告...
  檢測到 1 個警告：
    1. 強風警告 (HIGH)
       閾值：40
       當前值：49.3

[3/3] 顯示統計信息...

統計：
  檢查時間：2026-02-26 17:40:01
  警告數量：1
  警告類型：
    - strong_wind_warning

============================================================
監控完成
============================================================

日誌文件：/home/jarvis/.openclaw/workspace/notifications/monitor.log

系統已退出，等待下一次 Cron 調度

天氣監控系統啟動
============================================================

============================================================
天氣監控系統 - Cron Job 版本
============================================================

[1/3] 獲取當前天氣...
  溫度：27.8度
  濕度：74%
  降雨：4.8mm
  風速：14.1km/h
  風向：ESE

[2/3] 檢查天氣警告...
  無警告
[3/3] 顯示統計信息...

統計：
  檢查時間：2026-02-26 17:45:01
  警告數量：0

============================================================
監控完成
============================================================

日誌文件：/home/jarvis/.openclaw/workspace/notifications/monitor.log

系統已退出，等待下一次 Cron 調度

天氣監控系統啟動
============================================================

============================================================
天氣監控系統 - Cron Job 版本
============================================================

[1/3] 獲取當前天氣...
  溫度：27.6度
  濕度：76%
  降雨：4.3mm
  風速：13.8km/h
  風向：ESE

[2/3] 檢查天氣警告...
  無警告
[3/3] 顯示統計信息...

統計：
  檢查時間：2026-02-26 17:50:01
  警告數量：0

============================================================
監控完成
============================================================

日誌文件：/home/jarvis/.openclaw/workspace/notifications/monitor.log

系統已退出，等待下一次 Cron 調度

天氣監控系統啟動
============================================================

============================================================
天氣監控系統 - Cron Job 版本
============================================================

[1/3] 獲取當前天氣...
  溫度：28.3度
  濕度：77%
  降雨：4.8mm
  風速：14.6km/h
  風向：ESE

[2/3] 檢查天氣警告...
  無警告
[3/3] 顯示統計信息...

統計：
  檢查時間：2026-02-26 17:55:01
  警告數量：0

============================================================
監控完成
============================================================

日誌文件：/home/jarvis/.openclaw/workspace/notifications/monitor.log

系統已退出，等待下一次 Cron 調度

天氣監控系統啟動
============================================================

============================================================
天氣監控系統 - Cron Job 版本
============================================================

[1/3] 獲取當前天氣...
  溫度：28.2度
  濕度：75%
  降雨：5.5mm
  風速：14.7km/h
  風向：ESE

[2/3] 檢查天氣警告...
  無警告
[3/3] 顯示統計信息...

統計：
  檢查時間：2026-02-26 18:00:01
  警告數量：0

============================================================
監控完成
============================================================

日誌文件：/home/jarvis/.openclaw/workspace/notifications/monitor.log

系統已退出，等待下一次 Cron 調度

天氣監控系統啟動
============================================================

============================================================
天氣監控系統 - Cron Job 版本
============================================================

[1/3] 獲取當前天氣...
  溫度：28.1度
  濕度：73%
  降雨：5.7mm
  風速：13.3km/h
  風向：ESE

[2/3] 檢查天氣警告...
  無警告
[3/3] 顯示統計信息...

統計：
  檢查時間：2026-02-26 18:05:01
  警告數量：0

============================================================
監控完成
============================================================

日誌文件：/home/jarvis/.openclaw/workspace/notifications/monitor.log

系統已退出，等待下一次 Cron 調度

天氣監控系統啟動
============================================================

============================================================
天氣監控系統 - Cron Job 版本
============================================================

[1/3] 獲取當前天氣...
  溫度：27.8度
  濕度：75%
  降雨：4.2mm
  風速：13.0km/h
  風向：ESE

[2/3] 檢查天氣警告...
  無警告
[3/3] 顯示統計信息...

統計：
  檢查時間：2026-02-26 18:10:01
  警告數量：0

============================================================
監控完成
============================================================

日誌文件：/home/jarvis/.openclaw/workspace/notifications/monitor.log

系統已退出，等待下一次 Cron 調度

天氣監控系統啟動
============================================================

============================================================
天氣監控系統 - Cron Job 版本
============================================================

[1/3] 獲取當前天氣...
  溫度：27.7度
  濕度：76%
  降雨：4.2mm
  風速：15.5km/h
  風向：ESE

[2/3] 檢查天氣警告...
  無警告
[3/3] 顯示統計信息...

統計：
  檢查時間：2026-02-26 18:15:01
  警告數量：0

============================================================
監控完成
============================================================

日誌文件：/home/jarvis/.openclaw/workspace/notifications/monitor.log

系統已退出，等待下一次 Cron 調度

天氣監控系統啟動
============================================================

============================================================
天氣監控系統 - Cron Job 版本
============================================================

[1/3] 獲取當前天氣...
  溫度：28.1度
  濕度：76%
  降雨：4.7mm
  風速：16.7km/h
  風向：ESE

[2/3] 檢查天氣警告...
  無警告
[3/3] 顯示統計信息...

統計：
  檢查時間：2026-02-26 18:20:01
  警告數量：0

============================================================
監控完成
============================================================

日誌文件：/home/jarvis/.openclaw/workspace/notifications/monitor.log

系統已退出，等待下一次 Cron 調度

